<?xml version="1.0" encoding="UTF-8"?>
<coverage generated="1723558278293" clover="3.2.0">
  <project timestamp="1723558278293" name="All files">
    <metrics statements="29" coveredstatements="28" conditionals="6" coveredconditionals="4" methods="7" coveredmethods="7" elements="42" coveredelements="39" complexity="0" loc="29" ncloc="29" packages="3" files="7" classes="7"/>
    <package name="src">
      <metrics statements="1" coveredstatements="1" conditionals="0" coveredconditionals="0" methods="1" coveredmethods="1"/>
      <file name="App.tsx" path="/Users/erlandssonjoel/Documents/Projects/Frontend-Projects/vitest/src/App.tsx">
        <metrics statements="0" coveredstatements="0" conditionals="0" coveredconditionals="0" methods="1" coveredmethods="1"/>
      </file>
      <file name="MockedData.ts" path="/Users/erlandssonjoel/Documents/Projects/Frontend-Projects/vitest/src/MockedData.ts">
        <metrics statements="1" coveredstatements="1" conditionals="0" coveredconditionals="0" methods="0" coveredmethods="0"/>
        <line num="12" count="3" type="stmt"/>
      </file>
    </package>
    <package name="src.components">
      <metrics statements="25" coveredstatements="24" conditionals="6" coveredconditionals="4" methods="6" coveredmethods="6"/>
      <file name="Header.tsx" path="/Users/erlandssonjoel/Documents/Projects/Frontend-Projects/vitest/src/components/Header.tsx">
        <metrics statements="4" coveredstatements="4" conditionals="0" coveredconditionals="0" methods="1" coveredmethods="1"/>
        <line num="9" count="3" type="stmt"/>
        <line num="17" count="3" type="stmt"/>
        <line num="27" count="3" type="stmt"/>
        <line num="33" count="3" type="stmt"/>
      </file>
      <file name="PictureGrid.tsx" path="/Users/erlandssonjoel/Documents/Projects/Frontend-Projects/vitest/src/components/PictureGrid.tsx">
        <metrics statements="16" coveredstatements="15" conditionals="6" coveredconditionals="4" methods="3" coveredmethods="3"/>
        <line num="8" count="2" type="stmt"/>
        <line num="16" count="2" type="stmt"/>
        <line num="27" count="2" type="stmt"/>
        <line num="40" count="2" type="stmt"/>
        <line num="56" count="5" type="stmt"/>
        <line num="57" count="5" type="stmt"/>
        <line num="58" count="5" type="stmt"/>
        <line num="60" count="5" type="stmt"/>
        <line num="61" count="2" type="cond" truecount="2" falsecount="0"/>
        <line num="62" count="1" type="stmt"/>
        <line num="65" count="2" type="cond" truecount="1" falsecount="1"/>
        <line num="66" count="2" type="stmt"/>
        <line num="68" count="0" type="stmt"/>
        <line num="72" count="5" type="cond" truecount="1" falsecount="1"/>
        <line num="76" count="5" type="stmt"/>
        <line num="92" count="2" type="stmt"/>
      </file>
      <file name="TotalScore.tsx" path="/Users/erlandssonjoel/Documents/Projects/Frontend-Projects/vitest/src/components/TotalScore.tsx">
        <metrics statements="5" coveredstatements="5" conditionals="0" coveredconditionals="0" methods="2" coveredmethods="2"/>
        <line num="11" count="3" type="stmt"/>
        <line num="22" count="3" type="stmt"/>
        <line num="28" count="3" type="stmt"/>
        <line num="37" count="2" type="stmt"/>
        <line num="38" count="1" type="stmt"/>
      </file>
    </package>
    <package name="src.styles">
      <metrics statements="3" coveredstatements="3" conditionals="0" coveredconditionals="0" methods="0" coveredmethods="0"/>
      <file name="Breakpoints.ts" path="/Users/erlandssonjoel/Documents/Projects/Frontend-Projects/vitest/src/styles/Breakpoints.ts">
        <metrics statements="2" coveredstatements="2" conditionals="0" coveredconditionals="0" methods="0" coveredmethods="0"/>
        <line num="10" count="3" type="stmt"/>
        <line num="19" count="3" type="stmt"/>
      </file>
      <file name="GlobalStyles.ts" path="/Users/erlandssonjoel/Documents/Projects/Frontend-Projects/vitest/src/styles/GlobalStyles.ts">
        <metrics statements="1" coveredstatements="1" conditionals="0" coveredconditionals="0" methods="0" coveredmethods="0"/>
        <line num="3" count="1" type="stmt"/>
      </file>
    </package>
  </project>
</coverage>
