{"/Users/erlandssonjoel/Documents/Projects/Frontend-Projects/vitest/src/App.tsx": {"path":"/Users/erlandssonjoel/Documents/Projects/Frontend-Projects/vitest/src/App.tsx","statementMap":{},"fnMap":{"0":{"name":"App","decl":{"start":{"line":4,"column":9},"end":{"line":4,"column":null}},"loc":{"start":{"line":4,"column":9},"end":{"line":11,"column":null}}}},"branchMap":{},"s":{},"f":{"0":2},"b":{}}
,"/Users/erlandssonjoel/Documents/Projects/Frontend-Projects/vitest/src/MockedData.ts": {"path":"/Users/erlandssonjoel/Documents/Projects/Frontend-Projects/vitest/src/MockedData.ts","statementMap":{"0":{"start":{"line":12,"column":33},"end":{"line":202,"column":null}}},"fnMap":{},"branchMap":{},"s":{"0":3},"f":{},"b":{}}
,"/Users/erlandssonjoel/Documents/Projects/Frontend-Projects/vitest/src/components/Header.tsx": {"path":"/Users/erlandssonjoel/Documents/Projects/Frontend-Projects/vitest/src/components/Header.tsx","statementMap":{"0":{"start":{"line":9,"column":16},"end":{"line":15,"column":1}},"1":{"start":{"line":17,"column":19},"end":{"line":25,"column":1}},"2":{"start":{"line":27,"column":21},"end":{"line":31,"column":1}},"3":{"start":{"line":33,"column":18},"end":{"line":36,"column":1}}},"fnMap":{"0":{"name":"Header","decl":{"start":{"line":38,"column":24},"end":{"line":38,"column":31}},"loc":{"start":{"line":38,"column":73},"end":{"line":51,"column":null}}}},"branchMap":{},"s":{"0":3,"1":3,"2":3,"3":3},"f":{"0":8},"b":{}}
,"/Users/erlandssonjoel/Documents/Projects/Frontend-Projects/vitest/src/components/PictureGrid.tsx": {"path":"/Users/erlandssonjoel/Documents/Projects/Frontend-Projects/vitest/src/components/PictureGrid.tsx","statementMap":{"0":{"start":{"line":8,"column":16},"end":{"line":14,"column":1}},"1":{"start":{"line":16,"column":14},"end":{"line":25,"column":1}},"2":{"start":{"line":27,"column":13},"end":{"line":38,"column":1}},"3":{"start":{"line":40,"column":14},"end":{"line":53,"column":1}},"4":{"start":{"line":56,"column":58},"end":{"line":56,"column":null}},"5":{"start":{"line":57,"column":28},"end":{"line":57,"column":null}},"6":{"start":{"line":58,"column":40},"end":{"line":58,"column":null}},"7":{"start":{"line":60,"column":28},"end":{"line":70,"column":null}},"8":{"start":{"line":61,"column":4},"end":{"line":63,"column":null}},"9":{"start":{"line":62,"column":6},"end":{"line":62,"column":null}},"10":{"start":{"line":65,"column":4},"end":{"line":69,"column":null}},"11":{"start":{"line":66,"column":6},"end":{"line":66,"column":null}},"12":{"start":{"line":68,"column":6},"end":{"line":68,"column":null}},"13":{"start":{"line":72,"column":2},"end":{"line":74,"column":null}},"14":{"start":{"line":76,"column":26},"end":{"line":76,"column":58}},"15":{"start":{"line":92,"column":29},"end":{"line":92,"column":null}}},"fnMap":{"0":{"name":"PictureGrid","decl":{"start":{"line":55,"column":24},"end":{"line":55,"column":null}},"loc":{"start":{"line":55,"column":24},"end":{"line":99,"column":null}}},"1":{"name":"(anonymous_1)","decl":{"start":{"line":60,"column":28},"end":{"line":60,"column":29}},"loc":{"start":{"line":60,"column":29},"end":{"line":70,"column":null}}},"2":{"name":"(anonymous_3)","decl":{"start":{"line":92,"column":23},"end":{"line":92,"column":29}},"loc":{"start":{"line":92,"column":29},"end":{"line":92,"column":null}}}},"branchMap":{"0":{"loc":{"start":{"line":61,"column":4},"end":{"line":63,"column":null}},"type":"if","locations":[{"start":{"line":61,"column":4},"end":{"line":63,"column":null}},{"start":{},"end":{}}]},"1":{"loc":{"start":{"line":65,"column":4},"end":{"line":69,"column":null}},"type":"if","locations":[{"start":{"line":65,"column":4},"end":{"line":69,"column":null}},{"start":{"line":67,"column":11},"end":{"line":69,"column":null}}]},"2":{"loc":{"start":{"line":72,"column":2},"end":{"line":74,"column":null}},"type":"if","locations":[{"start":{"line":72,"column":2},"end":{"line":74,"column":null}},{"start":{},"end":{}}]}},"s":{"0":2,"1":2,"2":2,"3":2,"4":5,"5":5,"6":5,"7":5,"8":2,"9":1,"10":2,"11":2,"12":0,"13":5,"14":5,"15":2},"f":{"0":5,"1":2,"2":2},"b":{"0":[1,1],"1":[2,0],"2":[0,5]}}
,"/Users/erlandssonjoel/Documents/Projects/Frontend-Projects/vitest/src/components/TotalScore.tsx": {"path":"/Users/erlandssonjoel/Documents/Projects/Frontend-Projects/vitest/src/components/TotalScore.tsx","statementMap":{"0":{"start":{"line":11,"column":14},"end":{"line":20,"column":1}},"1":{"start":{"line":22,"column":15},"end":{"line":26,"column":1}},"2":{"start":{"line":28,"column":16},"end":{"line":34,"column":1}},"3":{"start":{"line":37,"column":30},"end":{"line":39,"column":null}},"4":{"start":{"line":38,"column":4},"end":{"line":38,"column":null}}},"fnMap":{"0":{"name":"TotalScore","decl":{"start":{"line":36,"column":24},"end":{"line":36,"column":35}},"loc":{"start":{"line":36,"column":73},"end":{"line":55,"column":null}}},"1":{"name":"(anonymous_1)","decl":{"start":{"line":37,"column":30},"end":{"line":37,"column":null}},"loc":{"start":{"line":37,"column":30},"end":{"line":39,"column":null}}}},"branchMap":{},"s":{"0":3,"1":3,"2":3,"3":2,"4":1},"f":{"0":2,"1":1},"b":{}}
,"/Users/erlandssonjoel/Documents/Projects/Frontend-Projects/vitest/src/styles/Breakpoints.ts": {"path":"/Users/erlandssonjoel/Documents/Projects/Frontend-Projects/vitest/src/styles/Breakpoints.ts","statementMap":{"0":{"start":{"line":10,"column":19},"end":{"line":17,"column":null}},"1":{"start":{"line":19,"column":22},"end":{"line":26,"column":2}}},"fnMap":{},"branchMap":{},"s":{"0":3,"1":3},"f":{},"b":{}}
,"/Users/erlandssonjoel/Documents/Projects/Frontend-Projects/vitest/src/styles/GlobalStyles.ts": {"path":"/Users/erlandssonjoel/Documents/Projects/Frontend-Projects/vitest/src/styles/GlobalStyles.ts","statementMap":{"0":{"start":{"line":3,"column":20},"end":{"line":19,"column":1}}},"fnMap":{},"branchMap":{},"s":{"0":1},"f":{},"b":{}}
}
