{"/Users/erlandssonjoel/Documents/Projects/Frontend-Projects/vitest/src/MockedData.ts": {"path":"/Users/erlandssonjoel/Documents/Projects/Frontend-Projects/vitest/src/MockedData.ts","statementMap":{"0":{"start":{"line":12,"column":33},"end":{"line":202,"column":null}}},"fnMap":{},"branchMap":{},"s":{"0":1},"f":{},"b":{}}
,"/Users/erlandssonjoel/Documents/Projects/Frontend-Projects/vitest/src/components/Header.tsx": {"path":"/Users/erlandssonjoel/Documents/Projects/Frontend-Projects/vitest/src/components/Header.tsx","statementMap":{"0":{"start":{"line":8,"column":16},"end":{"line":11,"column":1}},"1":{"start":{"line":13,"column":19},"end":{"line":17,"column":1}},"2":{"start":{"line":19,"column":21},"end":{"line":23,"column":1}},"3":{"start":{"line":25,"column":18},"end":{"line":28,"column":1}}},"fnMap":{"0":{"name":"Header","decl":{"start":{"line":30,"column":24},"end":{"line":30,"column":31}},"loc":{"start":{"line":30,"column":73},"end":{"line":43,"column":null}}}},"branchMap":{},"s":{"0":1,"1":1,"2":1,"3":1},"f":{"0":2},"b":{}}
,"/Users/erlandssonjoel/Documents/Projects/Frontend-Projects/vitest/src/components/TotalScore.tsx": {"path":"/Users/erlandssonjoel/Documents/Projects/Frontend-Projects/vitest/src/components/TotalScore.tsx","statementMap":{"0":{"start":{"line":11,"column":14},"end":{"line":20,"column":1}},"1":{"start":{"line":22,"column":15},"end":{"line":26,"column":1}},"2":{"start":{"line":28,"column":16},"end":{"line":34,"column":1}},"3":{"start":{"line":37,"column":30},"end":{"line":39,"column":null}},"4":{"start":{"line":38,"column":4},"end":{"line":38,"column":null}}},"fnMap":{"0":{"name":"TotalScore","decl":{"start":{"line":36,"column":24},"end":{"line":36,"column":35}},"loc":{"start":{"line":36,"column":73},"end":{"line":55,"column":null}}},"1":{"name":"(anonymous_1)","decl":{"start":{"line":37,"column":30},"end":{"line":37,"column":null}},"loc":{"start":{"line":37,"column":30},"end":{"line":39,"column":null}}}},"branchMap":{},"s":{"0":1,"1":1,"2":1,"3":2,"4":1},"f":{"0":2,"1":1},"b":{}}
,"/Users/erlandssonjoel/Documents/Projects/Frontend-Projects/vitest/src/styles/Breakpoints.ts": {"path":"/Users/erlandssonjoel/Documents/Projects/Frontend-Projects/vitest/src/styles/Breakpoints.ts","statementMap":{"0":{"start":{"line":10,"column":19},"end":{"line":17,"column":null}},"1":{"start":{"line":19,"column":22},"end":{"line":26,"column":2}}},"fnMap":{},"branchMap":{},"s":{"0":1,"1":1},"f":{},"b":{}}
}
